0 info it worked if it ends with ok
1 verbose cli [ '/Users/agutoli/.nvm-fish/v6.10.3/bin/node',
1 verbose cli   '/Users/agutoli/.nvm-fish/v6.10.3/bin/npm',
1 verbose cli   'run',
1 verbose cli   'storybook' ]
2 info using npm@3.10.10
3 info using node@v6.10.3
4 verbose run-script [ 'prestorybook', 'storybook', 'poststorybook' ]
5 info lifecycle react-styled-select@0.0.1~prestorybook: react-styled-select@0.0.1
6 silly lifecycle react-styled-select@0.0.1~prestorybook: no script for prestorybook, continuing
7 info lifecycle react-styled-select@0.0.1~storybook: react-styled-select@0.0.1
8 verbose lifecycle react-styled-select@0.0.1~storybook: unsafe-perm in lifecycle true
9 verbose lifecycle react-styled-select@0.0.1~storybook: PATH: /Users/agutoli/.nvm-fish/v6.10.3/lib/node_modules/npm/bin/node-gyp-bin:/Users/agutoli/projects/react-styled-select/node_modules/.bin:/Users/agutoli/.nvm-fish/v6.10.3/bin:/usr/bin:/bin:/usr/sbin:/sbin:/usr/local/bin:/Library/TeX/texbin:
10 verbose lifecycle react-styled-select@0.0.1~storybook: CWD: /Users/agutoli/projects/react-styled-select
11 silly lifecycle react-styled-select@0.0.1~storybook: Args: [ '-c', 'start-storybook -p 6006' ]
12 silly lifecycle react-styled-select@0.0.1~storybook: Returned: code: 1  signal: null
13 info lifecycle react-styled-select@0.0.1~storybook: Failed to exec storybook script
14 verbose stack Error: react-styled-select@0.0.1 storybook: `start-storybook -p 6006`
14 verbose stack Exit status 1
14 verbose stack     at EventEmitter.<anonymous> (/Users/agutoli/.nvm-fish/v6.10.3/lib/node_modules/npm/lib/utils/lifecycle.js:255:16)
14 verbose stack     at emitTwo (events.js:106:13)
14 verbose stack     at EventEmitter.emit (events.js:191:7)
14 verbose stack     at ChildProcess.<anonymous> (/Users/agutoli/.nvm-fish/v6.10.3/lib/node_modules/npm/lib/utils/spawn.js:40:14)
14 verbose stack     at emitTwo (events.js:106:13)
14 verbose stack     at ChildProcess.emit (events.js:191:7)
14 verbose stack     at maybeClose (internal/child_process.js:886:16)
14 verbose stack     at Process.ChildProcess._handle.onexit (internal/child_process.js:226:5)
15 verbose pkgid react-styled-select@0.0.1
16 verbose cwd /Users/agutoli/projects/react-styled-select
17 error Darwin 15.6.0
18 error argv "/Users/agutoli/.nvm-fish/v6.10.3/bin/node" "/Users/agutoli/.nvm-fish/v6.10.3/bin/npm" "run" "storybook"
19 error node v6.10.3
20 error npm  v3.10.10
21 error code ELIFECYCLE
22 error react-styled-select@0.0.1 storybook: `start-storybook -p 6006`
22 error Exit status 1
23 error Failed at the react-styled-select@0.0.1 storybook script 'start-storybook -p 6006'.
23 error Make sure you have the latest version of node.js and npm installed.
23 error If you do, this is most likely a problem with the react-styled-select package,
23 error not with npm itself.
23 error Tell the author that this fails on your system:
23 error     start-storybook -p 6006
23 error You can get information on how to open an issue for this project with:
23 error     npm bugs react-styled-select
23 error Or if that isn't available, you can get their info via:
23 error     npm owner ls react-styled-select
23 error There is likely additional logging output above.
24 verbose exit [ 1, true ]
